                                      1 ;--------------------------------------------------------
                                      2 ; File Created by SDCC : free open source ANSI-C Compiler
                                      3 ; Version 3.6.0 #9615 (Mac OS X x86_64)
                                      4 ;--------------------------------------------------------
                                      5 	.module font
                                      6 	.optsdcc -mstm8
                                      7 	
                                      8 ;--------------------------------------------------------
                                      9 ; Public variables in this module
                                     10 ;--------------------------------------------------------
                                     11 ;--------------------------------------------------------
                                     12 ; ram data
                                     13 ;--------------------------------------------------------
                                     14 	.area DATA
                                     15 ;--------------------------------------------------------
                                     16 ; ram data
                                     17 ;--------------------------------------------------------
                                     18 	.area INITIALIZED
                                     19 ;--------------------------------------------------------
                                     20 ; absolute external ram data
                                     21 ;--------------------------------------------------------
                                     22 	.area DABS (ABS)
                                     23 ;--------------------------------------------------------
                                     24 ; global & static initialisations
                                     25 ;--------------------------------------------------------
                                     26 	.area HOME
                                     27 	.area GSINIT
                                     28 	.area GSFINAL
                                     29 	.area GSINIT
                                     30 ;--------------------------------------------------------
                                     31 ; Home
                                     32 ;--------------------------------------------------------
                                     33 	.area HOME
                                     34 	.area HOME
                                     35 ;--------------------------------------------------------
                                     36 ; code
                                     37 ;--------------------------------------------------------
                                     38 	.area CODE
                                     39 	.area CODE
      000000                         40 _font:
      000000 00                      41 	.db #0x00	; 0
      000001 00                      42 	.db #0x00	; 0
      000002 00                      43 	.db #0x00	; 0
      000003 00                      44 	.db #0x00	; 0
      000004 00                      45 	.db #0x00	; 0
      000005 3E                      46 	.db #0x3e	; 62
      000006 5B                      47 	.db #0x5b	; 91
      000007 4F                      48 	.db #0x4f	; 79	'O'
      000008 5B                      49 	.db #0x5b	; 91
      000009 3E                      50 	.db #0x3e	; 62
      00000A 3E                      51 	.db #0x3e	; 62
      00000B 6B                      52 	.db #0x6b	; 107	'k'
      00000C 4F                      53 	.db #0x4f	; 79	'O'
      00000D 6B                      54 	.db #0x6b	; 107	'k'
      00000E 3E                      55 	.db #0x3e	; 62
      00000F 1C                      56 	.db #0x1c	; 28
      000010 3E                      57 	.db #0x3e	; 62
      000011 7C                      58 	.db #0x7c	; 124
      000012 3E                      59 	.db #0x3e	; 62
      000013 1C                      60 	.db #0x1c	; 28
      000014 18                      61 	.db #0x18	; 24
      000015 3C                      62 	.db #0x3c	; 60
      000016 7E                      63 	.db #0x7e	; 126
      000017 3C                      64 	.db #0x3c	; 60
      000018 18                      65 	.db #0x18	; 24
      000019 1C                      66 	.db #0x1c	; 28
      00001A 57                      67 	.db #0x57	; 87	'W'
      00001B 7D                      68 	.db #0x7d	; 125
      00001C 57                      69 	.db #0x57	; 87	'W'
      00001D 1C                      70 	.db #0x1c	; 28
      00001E 1C                      71 	.db #0x1c	; 28
      00001F 5E                      72 	.db #0x5e	; 94
      000020 7F                      73 	.db #0x7f	; 127
      000021 5E                      74 	.db #0x5e	; 94
      000022 1C                      75 	.db #0x1c	; 28
      000023 00                      76 	.db #0x00	; 0
      000024 18                      77 	.db #0x18	; 24
      000025 3C                      78 	.db #0x3c	; 60
      000026 18                      79 	.db #0x18	; 24
      000027 00                      80 	.db #0x00	; 0
      000028 FF                      81 	.db #0xff	; 255
      000029 E7                      82 	.db #0xe7	; 231
      00002A C3                      83 	.db #0xc3	; 195
      00002B E7                      84 	.db #0xe7	; 231
      00002C FF                      85 	.db #0xff	; 255
      00002D 00                      86 	.db #0x00	; 0
      00002E 18                      87 	.db #0x18	; 24
      00002F 24                      88 	.db #0x24	; 36
      000030 18                      89 	.db #0x18	; 24
      000031 00                      90 	.db #0x00	; 0
      000032 FF                      91 	.db #0xff	; 255
      000033 E7                      92 	.db #0xe7	; 231
      000034 DB                      93 	.db #0xdb	; 219
      000035 E7                      94 	.db #0xe7	; 231
      000036 FF                      95 	.db #0xff	; 255
      000037 30                      96 	.db #0x30	; 48	'0'
      000038 48                      97 	.db #0x48	; 72	'H'
      000039 3A                      98 	.db #0x3a	; 58
      00003A 06                      99 	.db #0x06	; 6
      00003B 0E                     100 	.db #0x0e	; 14
      00003C 26                     101 	.db #0x26	; 38
      00003D 29                     102 	.db #0x29	; 41
      00003E 79                     103 	.db #0x79	; 121	'y'
      00003F 29                     104 	.db #0x29	; 41
      000040 26                     105 	.db #0x26	; 38
      000041 40                     106 	.db #0x40	; 64
      000042 7F                     107 	.db #0x7f	; 127
      000043 05                     108 	.db #0x05	; 5
      000044 05                     109 	.db #0x05	; 5
      000045 07                     110 	.db #0x07	; 7
      000046 40                     111 	.db #0x40	; 64
      000047 7F                     112 	.db #0x7f	; 127
      000048 05                     113 	.db #0x05	; 5
      000049 25                     114 	.db #0x25	; 37
      00004A 3F                     115 	.db #0x3f	; 63
      00004B 5A                     116 	.db #0x5a	; 90	'Z'
      00004C 3C                     117 	.db #0x3c	; 60
      00004D E7                     118 	.db #0xe7	; 231
      00004E 3C                     119 	.db #0x3c	; 60
      00004F 5A                     120 	.db #0x5a	; 90	'Z'
      000050 7F                     121 	.db #0x7f	; 127
      000051 3E                     122 	.db #0x3e	; 62
      000052 1C                     123 	.db #0x1c	; 28
      000053 1C                     124 	.db #0x1c	; 28
      000054 08                     125 	.db #0x08	; 8
      000055 08                     126 	.db #0x08	; 8
      000056 1C                     127 	.db #0x1c	; 28
      000057 1C                     128 	.db #0x1c	; 28
      000058 3E                     129 	.db #0x3e	; 62
      000059 7F                     130 	.db #0x7f	; 127
      00005A 14                     131 	.db #0x14	; 20
      00005B 22                     132 	.db #0x22	; 34
      00005C 7F                     133 	.db #0x7f	; 127
      00005D 22                     134 	.db #0x22	; 34
      00005E 14                     135 	.db #0x14	; 20
      00005F 5F                     136 	.db #0x5f	; 95
      000060 5F                     137 	.db #0x5f	; 95
      000061 00                     138 	.db #0x00	; 0
      000062 5F                     139 	.db #0x5f	; 95
      000063 5F                     140 	.db #0x5f	; 95
      000064 06                     141 	.db #0x06	; 6
      000065 09                     142 	.db #0x09	; 9
      000066 7F                     143 	.db #0x7f	; 127
      000067 01                     144 	.db #0x01	; 1
      000068 7F                     145 	.db #0x7f	; 127
      000069 00                     146 	.db #0x00	; 0
      00006A 66                     147 	.db #0x66	; 102	'f'
      00006B 89                     148 	.db #0x89	; 137
      00006C 95                     149 	.db #0x95	; 149
      00006D 6A                     150 	.db #0x6a	; 106	'j'
      00006E 60                     151 	.db #0x60	; 96
      00006F 60                     152 	.db #0x60	; 96
      000070 60                     153 	.db #0x60	; 96
      000071 60                     154 	.db #0x60	; 96
      000072 60                     155 	.db #0x60	; 96
      000073 94                     156 	.db #0x94	; 148
      000074 A2                     157 	.db #0xa2	; 162
      000075 FF                     158 	.db #0xff	; 255
      000076 A2                     159 	.db #0xa2	; 162
      000077 94                     160 	.db #0x94	; 148
      000078 08                     161 	.db #0x08	; 8
      000079 04                     162 	.db #0x04	; 4
      00007A 7E                     163 	.db #0x7e	; 126
      00007B 04                     164 	.db #0x04	; 4
      00007C 08                     165 	.db #0x08	; 8
      00007D 10                     166 	.db #0x10	; 16
      00007E 20                     167 	.db #0x20	; 32
      00007F 7E                     168 	.db #0x7e	; 126
      000080 20                     169 	.db #0x20	; 32
      000081 10                     170 	.db #0x10	; 16
      000082 08                     171 	.db #0x08	; 8
      000083 08                     172 	.db #0x08	; 8
      000084 2A                     173 	.db #0x2a	; 42
      000085 1C                     174 	.db #0x1c	; 28
      000086 08                     175 	.db #0x08	; 8
      000087 08                     176 	.db #0x08	; 8
      000088 1C                     177 	.db #0x1c	; 28
      000089 2A                     178 	.db #0x2a	; 42
      00008A 08                     179 	.db #0x08	; 8
      00008B 08                     180 	.db #0x08	; 8
      00008C 1E                     181 	.db #0x1e	; 30
      00008D 10                     182 	.db #0x10	; 16
      00008E 10                     183 	.db #0x10	; 16
      00008F 10                     184 	.db #0x10	; 16
      000090 10                     185 	.db #0x10	; 16
      000091 0C                     186 	.db #0x0c	; 12
      000092 1E                     187 	.db #0x1e	; 30
      000093 0C                     188 	.db #0x0c	; 12
      000094 1E                     189 	.db #0x1e	; 30
      000095 0C                     190 	.db #0x0c	; 12
      000096 30                     191 	.db #0x30	; 48	'0'
      000097 38                     192 	.db #0x38	; 56	'8'
      000098 3E                     193 	.db #0x3e	; 62
      000099 38                     194 	.db #0x38	; 56	'8'
      00009A 30                     195 	.db #0x30	; 48	'0'
      00009B 06                     196 	.db #0x06	; 6
      00009C 0E                     197 	.db #0x0e	; 14
      00009D 3E                     198 	.db #0x3e	; 62
      00009E 0E                     199 	.db #0x0e	; 14
      00009F 06                     200 	.db #0x06	; 6
      0000A0 00                     201 	.db #0x00	; 0
      0000A1 00                     202 	.db #0x00	; 0
      0000A2 00                     203 	.db #0x00	; 0
      0000A3 00                     204 	.db #0x00	; 0
      0000A4 00                     205 	.db #0x00	; 0
      0000A5 00                     206 	.db #0x00	; 0
      0000A6 00                     207 	.db #0x00	; 0
      0000A7 5F                     208 	.db #0x5f	; 95
      0000A8 00                     209 	.db #0x00	; 0
      0000A9 00                     210 	.db #0x00	; 0
      0000AA 00                     211 	.db #0x00	; 0
      0000AB 07                     212 	.db #0x07	; 7
      0000AC 00                     213 	.db #0x00	; 0
      0000AD 07                     214 	.db #0x07	; 7
      0000AE 00                     215 	.db #0x00	; 0
      0000AF 14                     216 	.db #0x14	; 20
      0000B0 7F                     217 	.db #0x7f	; 127
      0000B1 14                     218 	.db #0x14	; 20
      0000B2 7F                     219 	.db #0x7f	; 127
      0000B3 14                     220 	.db #0x14	; 20
      0000B4 24                     221 	.db #0x24	; 36
      0000B5 2A                     222 	.db #0x2a	; 42
      0000B6 7F                     223 	.db #0x7f	; 127
      0000B7 2A                     224 	.db #0x2a	; 42
      0000B8 12                     225 	.db #0x12	; 18
      0000B9 23                     226 	.db #0x23	; 35
      0000BA 13                     227 	.db #0x13	; 19
      0000BB 08                     228 	.db #0x08	; 8
      0000BC 64                     229 	.db #0x64	; 100	'd'
      0000BD 62                     230 	.db #0x62	; 98	'b'
      0000BE 36                     231 	.db #0x36	; 54	'6'
      0000BF 49                     232 	.db #0x49	; 73	'I'
      0000C0 56                     233 	.db #0x56	; 86	'V'
      0000C1 20                     234 	.db #0x20	; 32
      0000C2 50                     235 	.db #0x50	; 80	'P'
      0000C3 00                     236 	.db #0x00	; 0
      0000C4 08                     237 	.db #0x08	; 8
      0000C5 07                     238 	.db #0x07	; 7
      0000C6 03                     239 	.db #0x03	; 3
      0000C7 00                     240 	.db #0x00	; 0
      0000C8 00                     241 	.db #0x00	; 0
      0000C9 1C                     242 	.db #0x1c	; 28
      0000CA 22                     243 	.db #0x22	; 34
      0000CB 41                     244 	.db #0x41	; 65	'A'
      0000CC 00                     245 	.db #0x00	; 0
      0000CD 00                     246 	.db #0x00	; 0
      0000CE 41                     247 	.db #0x41	; 65	'A'
      0000CF 22                     248 	.db #0x22	; 34
      0000D0 1C                     249 	.db #0x1c	; 28
      0000D1 00                     250 	.db #0x00	; 0
      0000D2 2A                     251 	.db #0x2a	; 42
      0000D3 1C                     252 	.db #0x1c	; 28
      0000D4 7F                     253 	.db #0x7f	; 127
      0000D5 1C                     254 	.db #0x1c	; 28
      0000D6 2A                     255 	.db #0x2a	; 42
      0000D7 08                     256 	.db #0x08	; 8
      0000D8 08                     257 	.db #0x08	; 8
      0000D9 3E                     258 	.db #0x3e	; 62
      0000DA 08                     259 	.db #0x08	; 8
      0000DB 08                     260 	.db #0x08	; 8
      0000DC 00                     261 	.db #0x00	; 0
      0000DD 80                     262 	.db #0x80	; 128
      0000DE 70                     263 	.db #0x70	; 112	'p'
      0000DF 30                     264 	.db #0x30	; 48	'0'
      0000E0 00                     265 	.db #0x00	; 0
      0000E1 08                     266 	.db #0x08	; 8
      0000E2 08                     267 	.db #0x08	; 8
      0000E3 08                     268 	.db #0x08	; 8
      0000E4 08                     269 	.db #0x08	; 8
      0000E5 08                     270 	.db #0x08	; 8
      0000E6 00                     271 	.db #0x00	; 0
      0000E7 00                     272 	.db #0x00	; 0
      0000E8 60                     273 	.db #0x60	; 96
      0000E9 60                     274 	.db #0x60	; 96
      0000EA 00                     275 	.db #0x00	; 0
      0000EB 20                     276 	.db #0x20	; 32
      0000EC 10                     277 	.db #0x10	; 16
      0000ED 08                     278 	.db #0x08	; 8
      0000EE 04                     279 	.db #0x04	; 4
      0000EF 02                     280 	.db #0x02	; 2
      0000F0 3E                     281 	.db #0x3e	; 62
      0000F1 51                     282 	.db #0x51	; 81	'Q'
      0000F2 49                     283 	.db #0x49	; 73	'I'
      0000F3 45                     284 	.db #0x45	; 69	'E'
      0000F4 3E                     285 	.db #0x3e	; 62
      0000F5 00                     286 	.db #0x00	; 0
      0000F6 42                     287 	.db #0x42	; 66	'B'
      0000F7 7F                     288 	.db #0x7f	; 127
      0000F8 40                     289 	.db #0x40	; 64
      0000F9 00                     290 	.db #0x00	; 0
      0000FA 72                     291 	.db #0x72	; 114	'r'
      0000FB 49                     292 	.db #0x49	; 73	'I'
      0000FC 49                     293 	.db #0x49	; 73	'I'
      0000FD 49                     294 	.db #0x49	; 73	'I'
      0000FE 46                     295 	.db #0x46	; 70	'F'
      0000FF 21                     296 	.db #0x21	; 33
      000100 41                     297 	.db #0x41	; 65	'A'
      000101 49                     298 	.db #0x49	; 73	'I'
      000102 4D                     299 	.db #0x4d	; 77	'M'
      000103 33                     300 	.db #0x33	; 51	'3'
      000104 18                     301 	.db #0x18	; 24
      000105 14                     302 	.db #0x14	; 20
      000106 12                     303 	.db #0x12	; 18
      000107 7F                     304 	.db #0x7f	; 127
      000108 10                     305 	.db #0x10	; 16
      000109 27                     306 	.db #0x27	; 39
      00010A 45                     307 	.db #0x45	; 69	'E'
      00010B 45                     308 	.db #0x45	; 69	'E'
      00010C 45                     309 	.db #0x45	; 69	'E'
      00010D 39                     310 	.db #0x39	; 57	'9'
      00010E 3C                     311 	.db #0x3c	; 60
      00010F 4A                     312 	.db #0x4a	; 74	'J'
      000110 49                     313 	.db #0x49	; 73	'I'
      000111 49                     314 	.db #0x49	; 73	'I'
      000112 31                     315 	.db #0x31	; 49	'1'
      000113 41                     316 	.db #0x41	; 65	'A'
      000114 21                     317 	.db #0x21	; 33
      000115 11                     318 	.db #0x11	; 17
      000116 09                     319 	.db #0x09	; 9
      000117 07                     320 	.db #0x07	; 7
      000118 36                     321 	.db #0x36	; 54	'6'
      000119 49                     322 	.db #0x49	; 73	'I'
      00011A 49                     323 	.db #0x49	; 73	'I'
      00011B 49                     324 	.db #0x49	; 73	'I'
      00011C 36                     325 	.db #0x36	; 54	'6'
      00011D 46                     326 	.db #0x46	; 70	'F'
      00011E 49                     327 	.db #0x49	; 73	'I'
      00011F 49                     328 	.db #0x49	; 73	'I'
      000120 29                     329 	.db #0x29	; 41
      000121 1E                     330 	.db #0x1e	; 30
      000122 00                     331 	.db #0x00	; 0
      000123 00                     332 	.db #0x00	; 0
      000124 14                     333 	.db #0x14	; 20
      000125 00                     334 	.db #0x00	; 0
      000126 00                     335 	.db #0x00	; 0
      000127 00                     336 	.db #0x00	; 0
      000128 40                     337 	.db #0x40	; 64
      000129 34                     338 	.db #0x34	; 52	'4'
      00012A 00                     339 	.db #0x00	; 0
      00012B 00                     340 	.db #0x00	; 0
      00012C 00                     341 	.db #0x00	; 0
      00012D 08                     342 	.db #0x08	; 8
      00012E 14                     343 	.db #0x14	; 20
      00012F 22                     344 	.db #0x22	; 34
      000130 41                     345 	.db #0x41	; 65	'A'
      000131 14                     346 	.db #0x14	; 20
      000132 14                     347 	.db #0x14	; 20
      000133 14                     348 	.db #0x14	; 20
      000134 14                     349 	.db #0x14	; 20
      000135 14                     350 	.db #0x14	; 20
      000136 00                     351 	.db #0x00	; 0
      000137 41                     352 	.db #0x41	; 65	'A'
      000138 22                     353 	.db #0x22	; 34
      000139 14                     354 	.db #0x14	; 20
      00013A 08                     355 	.db #0x08	; 8
      00013B 02                     356 	.db #0x02	; 2
      00013C 01                     357 	.db #0x01	; 1
      00013D 59                     358 	.db #0x59	; 89	'Y'
      00013E 09                     359 	.db #0x09	; 9
      00013F 06                     360 	.db #0x06	; 6
      000140 3E                     361 	.db #0x3e	; 62
      000141 41                     362 	.db #0x41	; 65	'A'
      000142 5D                     363 	.db #0x5d	; 93
      000143 59                     364 	.db #0x59	; 89	'Y'
      000144 4E                     365 	.db #0x4e	; 78	'N'
      000145 7C                     366 	.db #0x7c	; 124
      000146 12                     367 	.db #0x12	; 18
      000147 11                     368 	.db #0x11	; 17
      000148 12                     369 	.db #0x12	; 18
      000149 7C                     370 	.db #0x7c	; 124
      00014A 7F                     371 	.db #0x7f	; 127
      00014B 49                     372 	.db #0x49	; 73	'I'
      00014C 49                     373 	.db #0x49	; 73	'I'
      00014D 49                     374 	.db #0x49	; 73	'I'
      00014E 36                     375 	.db #0x36	; 54	'6'
      00014F 3E                     376 	.db #0x3e	; 62
      000150 41                     377 	.db #0x41	; 65	'A'
      000151 41                     378 	.db #0x41	; 65	'A'
      000152 41                     379 	.db #0x41	; 65	'A'
      000153 22                     380 	.db #0x22	; 34
      000154 7F                     381 	.db #0x7f	; 127
      000155 41                     382 	.db #0x41	; 65	'A'
      000156 41                     383 	.db #0x41	; 65	'A'
      000157 41                     384 	.db #0x41	; 65	'A'
      000158 3E                     385 	.db #0x3e	; 62
      000159 7F                     386 	.db #0x7f	; 127
      00015A 49                     387 	.db #0x49	; 73	'I'
      00015B 49                     388 	.db #0x49	; 73	'I'
      00015C 49                     389 	.db #0x49	; 73	'I'
      00015D 41                     390 	.db #0x41	; 65	'A'
      00015E 7F                     391 	.db #0x7f	; 127
      00015F 09                     392 	.db #0x09	; 9
      000160 09                     393 	.db #0x09	; 9
      000161 09                     394 	.db #0x09	; 9
      000162 01                     395 	.db #0x01	; 1
      000163 3E                     396 	.db #0x3e	; 62
      000164 41                     397 	.db #0x41	; 65	'A'
      000165 41                     398 	.db #0x41	; 65	'A'
      000166 51                     399 	.db #0x51	; 81	'Q'
      000167 73                     400 	.db #0x73	; 115	's'
      000168 7F                     401 	.db #0x7f	; 127
      000169 08                     402 	.db #0x08	; 8
      00016A 08                     403 	.db #0x08	; 8
      00016B 08                     404 	.db #0x08	; 8
      00016C 7F                     405 	.db #0x7f	; 127
      00016D 00                     406 	.db #0x00	; 0
      00016E 41                     407 	.db #0x41	; 65	'A'
      00016F 7F                     408 	.db #0x7f	; 127
      000170 41                     409 	.db #0x41	; 65	'A'
      000171 00                     410 	.db #0x00	; 0
      000172 20                     411 	.db #0x20	; 32
      000173 40                     412 	.db #0x40	; 64
      000174 41                     413 	.db #0x41	; 65	'A'
      000175 3F                     414 	.db #0x3f	; 63
      000176 01                     415 	.db #0x01	; 1
      000177 7F                     416 	.db #0x7f	; 127
      000178 08                     417 	.db #0x08	; 8
      000179 14                     418 	.db #0x14	; 20
      00017A 22                     419 	.db #0x22	; 34
      00017B 41                     420 	.db #0x41	; 65	'A'
      00017C 7F                     421 	.db #0x7f	; 127
      00017D 40                     422 	.db #0x40	; 64
      00017E 40                     423 	.db #0x40	; 64
      00017F 40                     424 	.db #0x40	; 64
      000180 40                     425 	.db #0x40	; 64
      000181 7F                     426 	.db #0x7f	; 127
      000182 02                     427 	.db #0x02	; 2
      000183 1C                     428 	.db #0x1c	; 28
      000184 02                     429 	.db #0x02	; 2
      000185 7F                     430 	.db #0x7f	; 127
      000186 7F                     431 	.db #0x7f	; 127
      000187 04                     432 	.db #0x04	; 4
      000188 08                     433 	.db #0x08	; 8
      000189 10                     434 	.db #0x10	; 16
      00018A 7F                     435 	.db #0x7f	; 127
      00018B 3E                     436 	.db #0x3e	; 62
      00018C 41                     437 	.db #0x41	; 65	'A'
      00018D 41                     438 	.db #0x41	; 65	'A'
      00018E 41                     439 	.db #0x41	; 65	'A'
      00018F 3E                     440 	.db #0x3e	; 62
      000190 7F                     441 	.db #0x7f	; 127
      000191 09                     442 	.db #0x09	; 9
      000192 09                     443 	.db #0x09	; 9
      000193 09                     444 	.db #0x09	; 9
      000194 06                     445 	.db #0x06	; 6
      000195 3E                     446 	.db #0x3e	; 62
      000196 41                     447 	.db #0x41	; 65	'A'
      000197 51                     448 	.db #0x51	; 81	'Q'
      000198 21                     449 	.db #0x21	; 33
      000199 5E                     450 	.db #0x5e	; 94
      00019A 7F                     451 	.db #0x7f	; 127
      00019B 09                     452 	.db #0x09	; 9
      00019C 19                     453 	.db #0x19	; 25
      00019D 29                     454 	.db #0x29	; 41
      00019E 46                     455 	.db #0x46	; 70	'F'
      00019F 26                     456 	.db #0x26	; 38
      0001A0 49                     457 	.db #0x49	; 73	'I'
      0001A1 49                     458 	.db #0x49	; 73	'I'
      0001A2 49                     459 	.db #0x49	; 73	'I'
      0001A3 32                     460 	.db #0x32	; 50	'2'
      0001A4 03                     461 	.db #0x03	; 3
      0001A5 01                     462 	.db #0x01	; 1
      0001A6 7F                     463 	.db #0x7f	; 127
      0001A7 01                     464 	.db #0x01	; 1
      0001A8 03                     465 	.db #0x03	; 3
      0001A9 3F                     466 	.db #0x3f	; 63
      0001AA 40                     467 	.db #0x40	; 64
      0001AB 40                     468 	.db #0x40	; 64
      0001AC 40                     469 	.db #0x40	; 64
      0001AD 3F                     470 	.db #0x3f	; 63
      0001AE 1F                     471 	.db #0x1f	; 31
      0001AF 20                     472 	.db #0x20	; 32
      0001B0 40                     473 	.db #0x40	; 64
      0001B1 20                     474 	.db #0x20	; 32
      0001B2 1F                     475 	.db #0x1f	; 31
      0001B3 3F                     476 	.db #0x3f	; 63
      0001B4 40                     477 	.db #0x40	; 64
      0001B5 38                     478 	.db #0x38	; 56	'8'
      0001B6 40                     479 	.db #0x40	; 64
      0001B7 3F                     480 	.db #0x3f	; 63
      0001B8 63                     481 	.db #0x63	; 99	'c'
      0001B9 14                     482 	.db #0x14	; 20
      0001BA 08                     483 	.db #0x08	; 8
      0001BB 14                     484 	.db #0x14	; 20
      0001BC 63                     485 	.db #0x63	; 99	'c'
      0001BD 03                     486 	.db #0x03	; 3
      0001BE 04                     487 	.db #0x04	; 4
      0001BF 78                     488 	.db #0x78	; 120	'x'
      0001C0 04                     489 	.db #0x04	; 4
      0001C1 03                     490 	.db #0x03	; 3
      0001C2 61                     491 	.db #0x61	; 97	'a'
      0001C3 59                     492 	.db #0x59	; 89	'Y'
      0001C4 49                     493 	.db #0x49	; 73	'I'
      0001C5 4D                     494 	.db #0x4d	; 77	'M'
      0001C6 43                     495 	.db #0x43	; 67	'C'
      0001C7 00                     496 	.db #0x00	; 0
      0001C8 7F                     497 	.db #0x7f	; 127
      0001C9 41                     498 	.db #0x41	; 65	'A'
      0001CA 41                     499 	.db #0x41	; 65	'A'
      0001CB 41                     500 	.db #0x41	; 65	'A'
      0001CC 02                     501 	.db #0x02	; 2
      0001CD 04                     502 	.db #0x04	; 4
      0001CE 08                     503 	.db #0x08	; 8
      0001CF 10                     504 	.db #0x10	; 16
      0001D0 20                     505 	.db #0x20	; 32
      0001D1 00                     506 	.db #0x00	; 0
      0001D2 41                     507 	.db #0x41	; 65	'A'
      0001D3 41                     508 	.db #0x41	; 65	'A'
      0001D4 41                     509 	.db #0x41	; 65	'A'
      0001D5 7F                     510 	.db #0x7f	; 127
      0001D6 04                     511 	.db #0x04	; 4
      0001D7 02                     512 	.db #0x02	; 2
      0001D8 01                     513 	.db #0x01	; 1
      0001D9 02                     514 	.db #0x02	; 2
      0001DA 04                     515 	.db #0x04	; 4
      0001DB 40                     516 	.db #0x40	; 64
      0001DC 40                     517 	.db #0x40	; 64
      0001DD 40                     518 	.db #0x40	; 64
      0001DE 40                     519 	.db #0x40	; 64
      0001DF 40                     520 	.db #0x40	; 64
      0001E0 00                     521 	.db #0x00	; 0
      0001E1 03                     522 	.db #0x03	; 3
      0001E2 07                     523 	.db #0x07	; 7
      0001E3 08                     524 	.db #0x08	; 8
      0001E4 00                     525 	.db #0x00	; 0
      0001E5 20                     526 	.db #0x20	; 32
      0001E6 54                     527 	.db #0x54	; 84	'T'
      0001E7 54                     528 	.db #0x54	; 84	'T'
      0001E8 78                     529 	.db #0x78	; 120	'x'
      0001E9 40                     530 	.db #0x40	; 64
      0001EA 7F                     531 	.db #0x7f	; 127
      0001EB 28                     532 	.db #0x28	; 40
      0001EC 44                     533 	.db #0x44	; 68	'D'
      0001ED 44                     534 	.db #0x44	; 68	'D'
      0001EE 38                     535 	.db #0x38	; 56	'8'
      0001EF 38                     536 	.db #0x38	; 56	'8'
      0001F0 44                     537 	.db #0x44	; 68	'D'
      0001F1 44                     538 	.db #0x44	; 68	'D'
      0001F2 44                     539 	.db #0x44	; 68	'D'
      0001F3 28                     540 	.db #0x28	; 40
      0001F4 38                     541 	.db #0x38	; 56	'8'
      0001F5 44                     542 	.db #0x44	; 68	'D'
      0001F6 44                     543 	.db #0x44	; 68	'D'
      0001F7 28                     544 	.db #0x28	; 40
      0001F8 7F                     545 	.db #0x7f	; 127
      0001F9 38                     546 	.db #0x38	; 56	'8'
      0001FA 54                     547 	.db #0x54	; 84	'T'
      0001FB 54                     548 	.db #0x54	; 84	'T'
      0001FC 54                     549 	.db #0x54	; 84	'T'
      0001FD 18                     550 	.db #0x18	; 24
      0001FE 00                     551 	.db #0x00	; 0
      0001FF 08                     552 	.db #0x08	; 8
      000200 7E                     553 	.db #0x7e	; 126
      000201 09                     554 	.db #0x09	; 9
      000202 02                     555 	.db #0x02	; 2
      000203 18                     556 	.db #0x18	; 24
      000204 A4                     557 	.db #0xa4	; 164
      000205 A4                     558 	.db #0xa4	; 164
      000206 9C                     559 	.db #0x9c	; 156
      000207 78                     560 	.db #0x78	; 120	'x'
      000208 7F                     561 	.db #0x7f	; 127
      000209 08                     562 	.db #0x08	; 8
      00020A 04                     563 	.db #0x04	; 4
      00020B 04                     564 	.db #0x04	; 4
      00020C 78                     565 	.db #0x78	; 120	'x'
      00020D 00                     566 	.db #0x00	; 0
      00020E 44                     567 	.db #0x44	; 68	'D'
      00020F 7D                     568 	.db #0x7d	; 125
      000210 40                     569 	.db #0x40	; 64
      000211 00                     570 	.db #0x00	; 0
      000212 20                     571 	.db #0x20	; 32
      000213 40                     572 	.db #0x40	; 64
      000214 40                     573 	.db #0x40	; 64
      000215 3D                     574 	.db #0x3d	; 61
      000216 00                     575 	.db #0x00	; 0
      000217 7F                     576 	.db #0x7f	; 127
      000218 10                     577 	.db #0x10	; 16
      000219 28                     578 	.db #0x28	; 40
      00021A 44                     579 	.db #0x44	; 68	'D'
      00021B 00                     580 	.db #0x00	; 0
      00021C 00                     581 	.db #0x00	; 0
      00021D 41                     582 	.db #0x41	; 65	'A'
      00021E 7F                     583 	.db #0x7f	; 127
      00021F 40                     584 	.db #0x40	; 64
      000220 00                     585 	.db #0x00	; 0
      000221 7C                     586 	.db #0x7c	; 124
      000222 04                     587 	.db #0x04	; 4
      000223 78                     588 	.db #0x78	; 120	'x'
      000224 04                     589 	.db #0x04	; 4
      000225 78                     590 	.db #0x78	; 120	'x'
      000226 7C                     591 	.db #0x7c	; 124
      000227 08                     592 	.db #0x08	; 8
      000228 04                     593 	.db #0x04	; 4
      000229 04                     594 	.db #0x04	; 4
      00022A 78                     595 	.db #0x78	; 120	'x'
      00022B 38                     596 	.db #0x38	; 56	'8'
      00022C 44                     597 	.db #0x44	; 68	'D'
      00022D 44                     598 	.db #0x44	; 68	'D'
      00022E 44                     599 	.db #0x44	; 68	'D'
      00022F 38                     600 	.db #0x38	; 56	'8'
      000230 FC                     601 	.db #0xfc	; 252
      000231 18                     602 	.db #0x18	; 24
      000232 24                     603 	.db #0x24	; 36
      000233 24                     604 	.db #0x24	; 36
      000234 18                     605 	.db #0x18	; 24
      000235 18                     606 	.db #0x18	; 24
      000236 24                     607 	.db #0x24	; 36
      000237 24                     608 	.db #0x24	; 36
      000238 18                     609 	.db #0x18	; 24
      000239 FC                     610 	.db #0xfc	; 252
      00023A 7C                     611 	.db #0x7c	; 124
      00023B 08                     612 	.db #0x08	; 8
      00023C 04                     613 	.db #0x04	; 4
      00023D 04                     614 	.db #0x04	; 4
      00023E 08                     615 	.db #0x08	; 8
      00023F 48                     616 	.db #0x48	; 72	'H'
      000240 54                     617 	.db #0x54	; 84	'T'
      000241 54                     618 	.db #0x54	; 84	'T'
      000242 54                     619 	.db #0x54	; 84	'T'
      000243 24                     620 	.db #0x24	; 36
      000244 04                     621 	.db #0x04	; 4
      000245 04                     622 	.db #0x04	; 4
      000246 3F                     623 	.db #0x3f	; 63
      000247 44                     624 	.db #0x44	; 68	'D'
      000248 24                     625 	.db #0x24	; 36
      000249 3C                     626 	.db #0x3c	; 60
      00024A 40                     627 	.db #0x40	; 64
      00024B 40                     628 	.db #0x40	; 64
      00024C 20                     629 	.db #0x20	; 32
      00024D 7C                     630 	.db #0x7c	; 124
      00024E 1C                     631 	.db #0x1c	; 28
      00024F 20                     632 	.db #0x20	; 32
      000250 40                     633 	.db #0x40	; 64
      000251 20                     634 	.db #0x20	; 32
      000252 1C                     635 	.db #0x1c	; 28
      000253 3C                     636 	.db #0x3c	; 60
      000254 40                     637 	.db #0x40	; 64
      000255 30                     638 	.db #0x30	; 48	'0'
      000256 40                     639 	.db #0x40	; 64
      000257 3C                     640 	.db #0x3c	; 60
      000258 44                     641 	.db #0x44	; 68	'D'
      000259 28                     642 	.db #0x28	; 40
      00025A 10                     643 	.db #0x10	; 16
      00025B 28                     644 	.db #0x28	; 40
      00025C 44                     645 	.db #0x44	; 68	'D'
      00025D 4C                     646 	.db #0x4c	; 76	'L'
      00025E 90                     647 	.db #0x90	; 144
      00025F 90                     648 	.db #0x90	; 144
      000260 90                     649 	.db #0x90	; 144
      000261 7C                     650 	.db #0x7c	; 124
      000262 44                     651 	.db #0x44	; 68	'D'
      000263 64                     652 	.db #0x64	; 100	'd'
      000264 54                     653 	.db #0x54	; 84	'T'
      000265 4C                     654 	.db #0x4c	; 76	'L'
      000266 44                     655 	.db #0x44	; 68	'D'
      000267 00                     656 	.db #0x00	; 0
      000268 08                     657 	.db #0x08	; 8
      000269 36                     658 	.db #0x36	; 54	'6'
      00026A 41                     659 	.db #0x41	; 65	'A'
      00026B 00                     660 	.db #0x00	; 0
      00026C 00                     661 	.db #0x00	; 0
      00026D 00                     662 	.db #0x00	; 0
      00026E 77                     663 	.db #0x77	; 119	'w'
      00026F 00                     664 	.db #0x00	; 0
      000270 00                     665 	.db #0x00	; 0
      000271 00                     666 	.db #0x00	; 0
      000272 41                     667 	.db #0x41	; 65	'A'
      000273 36                     668 	.db #0x36	; 54	'6'
      000274 08                     669 	.db #0x08	; 8
      000275 00                     670 	.db #0x00	; 0
      000276 02                     671 	.db #0x02	; 2
      000277 01                     672 	.db #0x01	; 1
      000278 02                     673 	.db #0x02	; 2
      000279 04                     674 	.db #0x04	; 4
      00027A 02                     675 	.db #0x02	; 2
      00027B 3C                     676 	.db #0x3c	; 60
      00027C 26                     677 	.db #0x26	; 38
      00027D 23                     678 	.db #0x23	; 35
      00027E 26                     679 	.db #0x26	; 38
      00027F 3C                     680 	.db #0x3c	; 60
      000280 1E                     681 	.db #0x1e	; 30
      000281 A1                     682 	.db #0xa1	; 161
      000282 A1                     683 	.db #0xa1	; 161
      000283 61                     684 	.db #0x61	; 97	'a'
      000284 12                     685 	.db #0x12	; 18
      000285 3A                     686 	.db #0x3a	; 58
      000286 40                     687 	.db #0x40	; 64
      000287 40                     688 	.db #0x40	; 64
      000288 20                     689 	.db #0x20	; 32
      000289 7A                     690 	.db #0x7a	; 122	'z'
      00028A 38                     691 	.db #0x38	; 56	'8'
      00028B 54                     692 	.db #0x54	; 84	'T'
      00028C 54                     693 	.db #0x54	; 84	'T'
      00028D 55                     694 	.db #0x55	; 85	'U'
      00028E 59                     695 	.db #0x59	; 89	'Y'
      00028F 21                     696 	.db #0x21	; 33
      000290 55                     697 	.db #0x55	; 85	'U'
      000291 55                     698 	.db #0x55	; 85	'U'
      000292 79                     699 	.db #0x79	; 121	'y'
      000293 41                     700 	.db #0x41	; 65	'A'
      000294 22                     701 	.db #0x22	; 34
      000295 54                     702 	.db #0x54	; 84	'T'
      000296 54                     703 	.db #0x54	; 84	'T'
      000297 78                     704 	.db #0x78	; 120	'x'
      000298 42                     705 	.db #0x42	; 66	'B'
      000299 21                     706 	.db #0x21	; 33
      00029A 55                     707 	.db #0x55	; 85	'U'
      00029B 54                     708 	.db #0x54	; 84	'T'
      00029C 78                     709 	.db #0x78	; 120	'x'
      00029D 40                     710 	.db #0x40	; 64
      00029E 20                     711 	.db #0x20	; 32
      00029F 54                     712 	.db #0x54	; 84	'T'
      0002A0 55                     713 	.db #0x55	; 85	'U'
      0002A1 79                     714 	.db #0x79	; 121	'y'
      0002A2 40                     715 	.db #0x40	; 64
      0002A3 0C                     716 	.db #0x0c	; 12
      0002A4 1E                     717 	.db #0x1e	; 30
      0002A5 52                     718 	.db #0x52	; 82	'R'
      0002A6 72                     719 	.db #0x72	; 114	'r'
      0002A7 12                     720 	.db #0x12	; 18
      0002A8 39                     721 	.db #0x39	; 57	'9'
      0002A9 55                     722 	.db #0x55	; 85	'U'
      0002AA 55                     723 	.db #0x55	; 85	'U'
      0002AB 55                     724 	.db #0x55	; 85	'U'
      0002AC 59                     725 	.db #0x59	; 89	'Y'
      0002AD 39                     726 	.db #0x39	; 57	'9'
      0002AE 54                     727 	.db #0x54	; 84	'T'
      0002AF 54                     728 	.db #0x54	; 84	'T'
      0002B0 54                     729 	.db #0x54	; 84	'T'
      0002B1 59                     730 	.db #0x59	; 89	'Y'
      0002B2 39                     731 	.db #0x39	; 57	'9'
      0002B3 55                     732 	.db #0x55	; 85	'U'
      0002B4 54                     733 	.db #0x54	; 84	'T'
      0002B5 54                     734 	.db #0x54	; 84	'T'
      0002B6 58                     735 	.db #0x58	; 88	'X'
      0002B7 00                     736 	.db #0x00	; 0
      0002B8 00                     737 	.db #0x00	; 0
      0002B9 45                     738 	.db #0x45	; 69	'E'
      0002BA 7C                     739 	.db #0x7c	; 124
      0002BB 41                     740 	.db #0x41	; 65	'A'
      0002BC 00                     741 	.db #0x00	; 0
      0002BD 02                     742 	.db #0x02	; 2
      0002BE 45                     743 	.db #0x45	; 69	'E'
      0002BF 7D                     744 	.db #0x7d	; 125
      0002C0 42                     745 	.db #0x42	; 66	'B'
      0002C1 00                     746 	.db #0x00	; 0
      0002C2 01                     747 	.db #0x01	; 1
      0002C3 45                     748 	.db #0x45	; 69	'E'
      0002C4 7C                     749 	.db #0x7c	; 124
      0002C5 40                     750 	.db #0x40	; 64
      0002C6 7D                     751 	.db #0x7d	; 125
      0002C7 12                     752 	.db #0x12	; 18
      0002C8 11                     753 	.db #0x11	; 17
      0002C9 12                     754 	.db #0x12	; 18
      0002CA 7D                     755 	.db #0x7d	; 125
      0002CB F0                     756 	.db #0xf0	; 240
      0002CC 28                     757 	.db #0x28	; 40
      0002CD 25                     758 	.db #0x25	; 37
      0002CE 28                     759 	.db #0x28	; 40
      0002CF F0                     760 	.db #0xf0	; 240
      0002D0 7C                     761 	.db #0x7c	; 124
      0002D1 54                     762 	.db #0x54	; 84	'T'
      0002D2 55                     763 	.db #0x55	; 85	'U'
      0002D3 45                     764 	.db #0x45	; 69	'E'
      0002D4 00                     765 	.db #0x00	; 0
      0002D5 20                     766 	.db #0x20	; 32
      0002D6 54                     767 	.db #0x54	; 84	'T'
      0002D7 54                     768 	.db #0x54	; 84	'T'
      0002D8 7C                     769 	.db #0x7c	; 124
      0002D9 54                     770 	.db #0x54	; 84	'T'
      0002DA 7C                     771 	.db #0x7c	; 124
      0002DB 0A                     772 	.db #0x0a	; 10
      0002DC 09                     773 	.db #0x09	; 9
      0002DD 7F                     774 	.db #0x7f	; 127
      0002DE 49                     775 	.db #0x49	; 73	'I'
      0002DF 32                     776 	.db #0x32	; 50	'2'
      0002E0 49                     777 	.db #0x49	; 73	'I'
      0002E1 49                     778 	.db #0x49	; 73	'I'
      0002E2 49                     779 	.db #0x49	; 73	'I'
      0002E3 32                     780 	.db #0x32	; 50	'2'
      0002E4 3A                     781 	.db #0x3a	; 58
      0002E5 44                     782 	.db #0x44	; 68	'D'
      0002E6 44                     783 	.db #0x44	; 68	'D'
      0002E7 44                     784 	.db #0x44	; 68	'D'
      0002E8 3A                     785 	.db #0x3a	; 58
      0002E9 32                     786 	.db #0x32	; 50	'2'
      0002EA 4A                     787 	.db #0x4a	; 74	'J'
      0002EB 48                     788 	.db #0x48	; 72	'H'
      0002EC 48                     789 	.db #0x48	; 72	'H'
      0002ED 30                     790 	.db #0x30	; 48	'0'
      0002EE 3A                     791 	.db #0x3a	; 58
      0002EF 41                     792 	.db #0x41	; 65	'A'
      0002F0 41                     793 	.db #0x41	; 65	'A'
      0002F1 21                     794 	.db #0x21	; 33
      0002F2 7A                     795 	.db #0x7a	; 122	'z'
      0002F3 3A                     796 	.db #0x3a	; 58
      0002F4 42                     797 	.db #0x42	; 66	'B'
      0002F5 40                     798 	.db #0x40	; 64
      0002F6 20                     799 	.db #0x20	; 32
      0002F7 78                     800 	.db #0x78	; 120	'x'
      0002F8 00                     801 	.db #0x00	; 0
      0002F9 9D                     802 	.db #0x9d	; 157
      0002FA A0                     803 	.db #0xa0	; 160
      0002FB A0                     804 	.db #0xa0	; 160
      0002FC 7D                     805 	.db #0x7d	; 125
      0002FD 3D                     806 	.db #0x3d	; 61
      0002FE 42                     807 	.db #0x42	; 66	'B'
      0002FF 42                     808 	.db #0x42	; 66	'B'
      000300 42                     809 	.db #0x42	; 66	'B'
      000301 3D                     810 	.db #0x3d	; 61
      000302 3D                     811 	.db #0x3d	; 61
      000303 40                     812 	.db #0x40	; 64
      000304 40                     813 	.db #0x40	; 64
      000305 40                     814 	.db #0x40	; 64
      000306 3D                     815 	.db #0x3d	; 61
      000307 3C                     816 	.db #0x3c	; 60
      000308 24                     817 	.db #0x24	; 36
      000309 FF                     818 	.db #0xff	; 255
      00030A 24                     819 	.db #0x24	; 36
      00030B 24                     820 	.db #0x24	; 36
      00030C 48                     821 	.db #0x48	; 72	'H'
      00030D 7E                     822 	.db #0x7e	; 126
      00030E 49                     823 	.db #0x49	; 73	'I'
      00030F 43                     824 	.db #0x43	; 67	'C'
      000310 66                     825 	.db #0x66	; 102	'f'
      000311 2B                     826 	.db #0x2b	; 43
      000312 2F                     827 	.db #0x2f	; 47
      000313 FC                     828 	.db #0xfc	; 252
      000314 2F                     829 	.db #0x2f	; 47
      000315 2B                     830 	.db #0x2b	; 43
      000316 FF                     831 	.db #0xff	; 255
      000317 09                     832 	.db #0x09	; 9
      000318 29                     833 	.db #0x29	; 41
      000319 F6                     834 	.db #0xf6	; 246
      00031A 20                     835 	.db #0x20	; 32
      00031B C0                     836 	.db #0xc0	; 192
      00031C 88                     837 	.db #0x88	; 136
      00031D 7E                     838 	.db #0x7e	; 126
      00031E 09                     839 	.db #0x09	; 9
      00031F 03                     840 	.db #0x03	; 3
      000320 20                     841 	.db #0x20	; 32
      000321 54                     842 	.db #0x54	; 84	'T'
      000322 54                     843 	.db #0x54	; 84	'T'
      000323 79                     844 	.db #0x79	; 121	'y'
      000324 41                     845 	.db #0x41	; 65	'A'
      000325 00                     846 	.db #0x00	; 0
      000326 00                     847 	.db #0x00	; 0
      000327 44                     848 	.db #0x44	; 68	'D'
      000328 7D                     849 	.db #0x7d	; 125
      000329 41                     850 	.db #0x41	; 65	'A'
      00032A 30                     851 	.db #0x30	; 48	'0'
      00032B 48                     852 	.db #0x48	; 72	'H'
      00032C 48                     853 	.db #0x48	; 72	'H'
      00032D 4A                     854 	.db #0x4a	; 74	'J'
      00032E 32                     855 	.db #0x32	; 50	'2'
      00032F 38                     856 	.db #0x38	; 56	'8'
      000330 40                     857 	.db #0x40	; 64
      000331 40                     858 	.db #0x40	; 64
      000332 22                     859 	.db #0x22	; 34
      000333 7A                     860 	.db #0x7a	; 122	'z'
      000334 00                     861 	.db #0x00	; 0
      000335 7A                     862 	.db #0x7a	; 122	'z'
      000336 0A                     863 	.db #0x0a	; 10
      000337 0A                     864 	.db #0x0a	; 10
      000338 72                     865 	.db #0x72	; 114	'r'
      000339 7D                     866 	.db #0x7d	; 125
      00033A 0D                     867 	.db #0x0d	; 13
      00033B 19                     868 	.db #0x19	; 25
      00033C 31                     869 	.db #0x31	; 49	'1'
      00033D 7D                     870 	.db #0x7d	; 125
      00033E 26                     871 	.db #0x26	; 38
      00033F 29                     872 	.db #0x29	; 41
      000340 29                     873 	.db #0x29	; 41
      000341 2F                     874 	.db #0x2f	; 47
      000342 28                     875 	.db #0x28	; 40
      000343 26                     876 	.db #0x26	; 38
      000344 29                     877 	.db #0x29	; 41
      000345 29                     878 	.db #0x29	; 41
      000346 29                     879 	.db #0x29	; 41
      000347 26                     880 	.db #0x26	; 38
      000348 30                     881 	.db #0x30	; 48	'0'
      000349 48                     882 	.db #0x48	; 72	'H'
      00034A 4D                     883 	.db #0x4d	; 77	'M'
      00034B 40                     884 	.db #0x40	; 64
      00034C 20                     885 	.db #0x20	; 32
      00034D 38                     886 	.db #0x38	; 56	'8'
      00034E 08                     887 	.db #0x08	; 8
      00034F 08                     888 	.db #0x08	; 8
      000350 08                     889 	.db #0x08	; 8
      000351 08                     890 	.db #0x08	; 8
      000352 08                     891 	.db #0x08	; 8
      000353 08                     892 	.db #0x08	; 8
      000354 08                     893 	.db #0x08	; 8
      000355 08                     894 	.db #0x08	; 8
      000356 38                     895 	.db #0x38	; 56	'8'
      000357 2F                     896 	.db #0x2f	; 47
      000358 10                     897 	.db #0x10	; 16
      000359 C8                     898 	.db #0xc8	; 200
      00035A AC                     899 	.db #0xac	; 172
      00035B BA                     900 	.db #0xba	; 186
      00035C 2F                     901 	.db #0x2f	; 47
      00035D 10                     902 	.db #0x10	; 16
      00035E 28                     903 	.db #0x28	; 40
      00035F 34                     904 	.db #0x34	; 52	'4'
      000360 FA                     905 	.db #0xfa	; 250
      000361 00                     906 	.db #0x00	; 0
      000362 00                     907 	.db #0x00	; 0
      000363 7B                     908 	.db #0x7b	; 123
      000364 00                     909 	.db #0x00	; 0
      000365 00                     910 	.db #0x00	; 0
      000366 08                     911 	.db #0x08	; 8
      000367 14                     912 	.db #0x14	; 20
      000368 2A                     913 	.db #0x2a	; 42
      000369 14                     914 	.db #0x14	; 20
      00036A 22                     915 	.db #0x22	; 34
      00036B 22                     916 	.db #0x22	; 34
      00036C 14                     917 	.db #0x14	; 20
      00036D 2A                     918 	.db #0x2a	; 42
      00036E 14                     919 	.db #0x14	; 20
      00036F 08                     920 	.db #0x08	; 8
      000370 55                     921 	.db #0x55	; 85	'U'
      000371 00                     922 	.db #0x00	; 0
      000372 55                     923 	.db #0x55	; 85	'U'
      000373 00                     924 	.db #0x00	; 0
      000374 55                     925 	.db #0x55	; 85	'U'
      000375 AA                     926 	.db #0xaa	; 170
      000376 55                     927 	.db #0x55	; 85	'U'
      000377 AA                     928 	.db #0xaa	; 170
      000378 55                     929 	.db #0x55	; 85	'U'
      000379 AA                     930 	.db #0xaa	; 170
      00037A FF                     931 	.db #0xff	; 255
      00037B 55                     932 	.db #0x55	; 85	'U'
      00037C FF                     933 	.db #0xff	; 255
      00037D 55                     934 	.db #0x55	; 85	'U'
      00037E FF                     935 	.db #0xff	; 255
      00037F 00                     936 	.db #0x00	; 0
      000380 00                     937 	.db #0x00	; 0
      000381 00                     938 	.db #0x00	; 0
      000382 FF                     939 	.db #0xff	; 255
      000383 00                     940 	.db #0x00	; 0
      000384 10                     941 	.db #0x10	; 16
      000385 10                     942 	.db #0x10	; 16
      000386 10                     943 	.db #0x10	; 16
      000387 FF                     944 	.db #0xff	; 255
      000388 00                     945 	.db #0x00	; 0
      000389 14                     946 	.db #0x14	; 20
      00038A 14                     947 	.db #0x14	; 20
      00038B 14                     948 	.db #0x14	; 20
      00038C FF                     949 	.db #0xff	; 255
      00038D 00                     950 	.db #0x00	; 0
      00038E 10                     951 	.db #0x10	; 16
      00038F 10                     952 	.db #0x10	; 16
      000390 FF                     953 	.db #0xff	; 255
      000391 00                     954 	.db #0x00	; 0
      000392 FF                     955 	.db #0xff	; 255
      000393 10                     956 	.db #0x10	; 16
      000394 10                     957 	.db #0x10	; 16
      000395 F0                     958 	.db #0xf0	; 240
      000396 10                     959 	.db #0x10	; 16
      000397 F0                     960 	.db #0xf0	; 240
      000398 14                     961 	.db #0x14	; 20
      000399 14                     962 	.db #0x14	; 20
      00039A 14                     963 	.db #0x14	; 20
      00039B FC                     964 	.db #0xfc	; 252
      00039C 00                     965 	.db #0x00	; 0
      00039D 14                     966 	.db #0x14	; 20
      00039E 14                     967 	.db #0x14	; 20
      00039F F7                     968 	.db #0xf7	; 247
      0003A0 00                     969 	.db #0x00	; 0
      0003A1 FF                     970 	.db #0xff	; 255
      0003A2 00                     971 	.db #0x00	; 0
      0003A3 00                     972 	.db #0x00	; 0
      0003A4 FF                     973 	.db #0xff	; 255
      0003A5 00                     974 	.db #0x00	; 0
      0003A6 FF                     975 	.db #0xff	; 255
      0003A7 14                     976 	.db #0x14	; 20
      0003A8 14                     977 	.db #0x14	; 20
      0003A9 F4                     978 	.db #0xf4	; 244
      0003AA 04                     979 	.db #0x04	; 4
      0003AB FC                     980 	.db #0xfc	; 252
      0003AC 14                     981 	.db #0x14	; 20
      0003AD 14                     982 	.db #0x14	; 20
      0003AE 17                     983 	.db #0x17	; 23
      0003AF 10                     984 	.db #0x10	; 16
      0003B0 1F                     985 	.db #0x1f	; 31
      0003B1 10                     986 	.db #0x10	; 16
      0003B2 10                     987 	.db #0x10	; 16
      0003B3 1F                     988 	.db #0x1f	; 31
      0003B4 10                     989 	.db #0x10	; 16
      0003B5 1F                     990 	.db #0x1f	; 31
      0003B6 14                     991 	.db #0x14	; 20
      0003B7 14                     992 	.db #0x14	; 20
      0003B8 14                     993 	.db #0x14	; 20
      0003B9 1F                     994 	.db #0x1f	; 31
      0003BA 00                     995 	.db #0x00	; 0
      0003BB 10                     996 	.db #0x10	; 16
      0003BC 10                     997 	.db #0x10	; 16
      0003BD 10                     998 	.db #0x10	; 16
      0003BE F0                     999 	.db #0xf0	; 240
      0003BF 00                    1000 	.db #0x00	; 0
      0003C0 00                    1001 	.db #0x00	; 0
      0003C1 00                    1002 	.db #0x00	; 0
      0003C2 00                    1003 	.db #0x00	; 0
      0003C3 1F                    1004 	.db #0x1f	; 31
      0003C4 10                    1005 	.db #0x10	; 16
      0003C5 10                    1006 	.db #0x10	; 16
      0003C6 10                    1007 	.db #0x10	; 16
      0003C7 10                    1008 	.db #0x10	; 16
      0003C8 1F                    1009 	.db #0x1f	; 31
      0003C9 10                    1010 	.db #0x10	; 16
      0003CA 10                    1011 	.db #0x10	; 16
      0003CB 10                    1012 	.db #0x10	; 16
      0003CC 10                    1013 	.db #0x10	; 16
      0003CD F0                    1014 	.db #0xf0	; 240
      0003CE 10                    1015 	.db #0x10	; 16
      0003CF 00                    1016 	.db #0x00	; 0
      0003D0 00                    1017 	.db #0x00	; 0
      0003D1 00                    1018 	.db #0x00	; 0
      0003D2 FF                    1019 	.db #0xff	; 255
      0003D3 10                    1020 	.db #0x10	; 16
      0003D4 10                    1021 	.db #0x10	; 16
      0003D5 10                    1022 	.db #0x10	; 16
      0003D6 10                    1023 	.db #0x10	; 16
      0003D7 10                    1024 	.db #0x10	; 16
      0003D8 10                    1025 	.db #0x10	; 16
      0003D9 10                    1026 	.db #0x10	; 16
      0003DA 10                    1027 	.db #0x10	; 16
      0003DB 10                    1028 	.db #0x10	; 16
      0003DC FF                    1029 	.db #0xff	; 255
      0003DD 10                    1030 	.db #0x10	; 16
      0003DE 00                    1031 	.db #0x00	; 0
      0003DF 00                    1032 	.db #0x00	; 0
      0003E0 00                    1033 	.db #0x00	; 0
      0003E1 FF                    1034 	.db #0xff	; 255
      0003E2 14                    1035 	.db #0x14	; 20
      0003E3 00                    1036 	.db #0x00	; 0
      0003E4 00                    1037 	.db #0x00	; 0
      0003E5 FF                    1038 	.db #0xff	; 255
      0003E6 00                    1039 	.db #0x00	; 0
      0003E7 FF                    1040 	.db #0xff	; 255
      0003E8 00                    1041 	.db #0x00	; 0
      0003E9 00                    1042 	.db #0x00	; 0
      0003EA 1F                    1043 	.db #0x1f	; 31
      0003EB 10                    1044 	.db #0x10	; 16
      0003EC 17                    1045 	.db #0x17	; 23
      0003ED 00                    1046 	.db #0x00	; 0
      0003EE 00                    1047 	.db #0x00	; 0
      0003EF FC                    1048 	.db #0xfc	; 252
      0003F0 04                    1049 	.db #0x04	; 4
      0003F1 F4                    1050 	.db #0xf4	; 244
      0003F2 14                    1051 	.db #0x14	; 20
      0003F3 14                    1052 	.db #0x14	; 20
      0003F4 17                    1053 	.db #0x17	; 23
      0003F5 10                    1054 	.db #0x10	; 16
      0003F6 17                    1055 	.db #0x17	; 23
      0003F7 14                    1056 	.db #0x14	; 20
      0003F8 14                    1057 	.db #0x14	; 20
      0003F9 F4                    1058 	.db #0xf4	; 244
      0003FA 04                    1059 	.db #0x04	; 4
      0003FB F4                    1060 	.db #0xf4	; 244
      0003FC 00                    1061 	.db #0x00	; 0
      0003FD 00                    1062 	.db #0x00	; 0
      0003FE FF                    1063 	.db #0xff	; 255
      0003FF 00                    1064 	.db #0x00	; 0
      000400 F7                    1065 	.db #0xf7	; 247
      000401 14                    1066 	.db #0x14	; 20
      000402 14                    1067 	.db #0x14	; 20
      000403 14                    1068 	.db #0x14	; 20
      000404 14                    1069 	.db #0x14	; 20
      000405 14                    1070 	.db #0x14	; 20
      000406 14                    1071 	.db #0x14	; 20
      000407 14                    1072 	.db #0x14	; 20
      000408 F7                    1073 	.db #0xf7	; 247
      000409 00                    1074 	.db #0x00	; 0
      00040A F7                    1075 	.db #0xf7	; 247
      00040B 14                    1076 	.db #0x14	; 20
      00040C 14                    1077 	.db #0x14	; 20
      00040D 14                    1078 	.db #0x14	; 20
      00040E 17                    1079 	.db #0x17	; 23
      00040F 14                    1080 	.db #0x14	; 20
      000410 10                    1081 	.db #0x10	; 16
      000411 10                    1082 	.db #0x10	; 16
      000412 1F                    1083 	.db #0x1f	; 31
      000413 10                    1084 	.db #0x10	; 16
      000414 1F                    1085 	.db #0x1f	; 31
      000415 14                    1086 	.db #0x14	; 20
      000416 14                    1087 	.db #0x14	; 20
      000417 14                    1088 	.db #0x14	; 20
      000418 F4                    1089 	.db #0xf4	; 244
      000419 14                    1090 	.db #0x14	; 20
      00041A 10                    1091 	.db #0x10	; 16
      00041B 10                    1092 	.db #0x10	; 16
      00041C F0                    1093 	.db #0xf0	; 240
      00041D 10                    1094 	.db #0x10	; 16
      00041E F0                    1095 	.db #0xf0	; 240
      00041F 00                    1096 	.db #0x00	; 0
      000420 00                    1097 	.db #0x00	; 0
      000421 1F                    1098 	.db #0x1f	; 31
      000422 10                    1099 	.db #0x10	; 16
      000423 1F                    1100 	.db #0x1f	; 31
      000424 00                    1101 	.db #0x00	; 0
      000425 00                    1102 	.db #0x00	; 0
      000426 00                    1103 	.db #0x00	; 0
      000427 1F                    1104 	.db #0x1f	; 31
      000428 14                    1105 	.db #0x14	; 20
      000429 00                    1106 	.db #0x00	; 0
      00042A 00                    1107 	.db #0x00	; 0
      00042B 00                    1108 	.db #0x00	; 0
      00042C FC                    1109 	.db #0xfc	; 252
      00042D 14                    1110 	.db #0x14	; 20
      00042E 00                    1111 	.db #0x00	; 0
      00042F 00                    1112 	.db #0x00	; 0
      000430 F0                    1113 	.db #0xf0	; 240
      000431 10                    1114 	.db #0x10	; 16
      000432 F0                    1115 	.db #0xf0	; 240
      000433 10                    1116 	.db #0x10	; 16
      000434 10                    1117 	.db #0x10	; 16
      000435 FF                    1118 	.db #0xff	; 255
      000436 10                    1119 	.db #0x10	; 16
      000437 FF                    1120 	.db #0xff	; 255
      000438 14                    1121 	.db #0x14	; 20
      000439 14                    1122 	.db #0x14	; 20
      00043A 14                    1123 	.db #0x14	; 20
      00043B FF                    1124 	.db #0xff	; 255
      00043C 14                    1125 	.db #0x14	; 20
      00043D 10                    1126 	.db #0x10	; 16
      00043E 10                    1127 	.db #0x10	; 16
      00043F 10                    1128 	.db #0x10	; 16
      000440 1F                    1129 	.db #0x1f	; 31
      000441 00                    1130 	.db #0x00	; 0
      000442 00                    1131 	.db #0x00	; 0
      000443 00                    1132 	.db #0x00	; 0
      000444 00                    1133 	.db #0x00	; 0
      000445 F0                    1134 	.db #0xf0	; 240
      000446 10                    1135 	.db #0x10	; 16
      000447 FF                    1136 	.db #0xff	; 255
      000448 FF                    1137 	.db #0xff	; 255
      000449 FF                    1138 	.db #0xff	; 255
      00044A FF                    1139 	.db #0xff	; 255
      00044B FF                    1140 	.db #0xff	; 255
      00044C F0                    1141 	.db #0xf0	; 240
      00044D F0                    1142 	.db #0xf0	; 240
      00044E F0                    1143 	.db #0xf0	; 240
      00044F F0                    1144 	.db #0xf0	; 240
      000450 F0                    1145 	.db #0xf0	; 240
      000451 FF                    1146 	.db #0xff	; 255
      000452 FF                    1147 	.db #0xff	; 255
      000453 FF                    1148 	.db #0xff	; 255
      000454 00                    1149 	.db #0x00	; 0
      000455 00                    1150 	.db #0x00	; 0
      000456 00                    1151 	.db #0x00	; 0
      000457 00                    1152 	.db #0x00	; 0
      000458 00                    1153 	.db #0x00	; 0
      000459 FF                    1154 	.db #0xff	; 255
      00045A FF                    1155 	.db #0xff	; 255
      00045B 0F                    1156 	.db #0x0f	; 15
      00045C 0F                    1157 	.db #0x0f	; 15
      00045D 0F                    1158 	.db #0x0f	; 15
      00045E 0F                    1159 	.db #0x0f	; 15
      00045F 0F                    1160 	.db #0x0f	; 15
      000460 38                    1161 	.db #0x38	; 56	'8'
      000461 44                    1162 	.db #0x44	; 68	'D'
      000462 44                    1163 	.db #0x44	; 68	'D'
      000463 38                    1164 	.db #0x38	; 56	'8'
      000464 44                    1165 	.db #0x44	; 68	'D'
      000465 FC                    1166 	.db #0xfc	; 252
      000466 4A                    1167 	.db #0x4a	; 74	'J'
      000467 4A                    1168 	.db #0x4a	; 74	'J'
      000468 4A                    1169 	.db #0x4a	; 74	'J'
      000469 34                    1170 	.db #0x34	; 52	'4'
      00046A 7E                    1171 	.db #0x7e	; 126
      00046B 02                    1172 	.db #0x02	; 2
      00046C 02                    1173 	.db #0x02	; 2
      00046D 06                    1174 	.db #0x06	; 6
      00046E 06                    1175 	.db #0x06	; 6
      00046F 02                    1176 	.db #0x02	; 2
      000470 7E                    1177 	.db #0x7e	; 126
      000471 02                    1178 	.db #0x02	; 2
      000472 7E                    1179 	.db #0x7e	; 126
      000473 02                    1180 	.db #0x02	; 2
      000474 63                    1181 	.db #0x63	; 99	'c'
      000475 55                    1182 	.db #0x55	; 85	'U'
      000476 49                    1183 	.db #0x49	; 73	'I'
      000477 41                    1184 	.db #0x41	; 65	'A'
      000478 63                    1185 	.db #0x63	; 99	'c'
      000479 38                    1186 	.db #0x38	; 56	'8'
      00047A 44                    1187 	.db #0x44	; 68	'D'
      00047B 44                    1188 	.db #0x44	; 68	'D'
      00047C 3C                    1189 	.db #0x3c	; 60
      00047D 04                    1190 	.db #0x04	; 4
      00047E 40                    1191 	.db #0x40	; 64
      00047F 7E                    1192 	.db #0x7e	; 126
      000480 20                    1193 	.db #0x20	; 32
      000481 1E                    1194 	.db #0x1e	; 30
      000482 20                    1195 	.db #0x20	; 32
      000483 06                    1196 	.db #0x06	; 6
      000484 02                    1197 	.db #0x02	; 2
      000485 7E                    1198 	.db #0x7e	; 126
      000486 02                    1199 	.db #0x02	; 2
      000487 02                    1200 	.db #0x02	; 2
      000488 99                    1201 	.db #0x99	; 153
      000489 A5                    1202 	.db #0xa5	; 165
      00048A E7                    1203 	.db #0xe7	; 231
      00048B A5                    1204 	.db #0xa5	; 165
      00048C 99                    1205 	.db #0x99	; 153
      00048D 1C                    1206 	.db #0x1c	; 28
      00048E 2A                    1207 	.db #0x2a	; 42
      00048F 49                    1208 	.db #0x49	; 73	'I'
      000490 2A                    1209 	.db #0x2a	; 42
      000491 1C                    1210 	.db #0x1c	; 28
      000492 4C                    1211 	.db #0x4c	; 76	'L'
      000493 72                    1212 	.db #0x72	; 114	'r'
      000494 01                    1213 	.db #0x01	; 1
      000495 72                    1214 	.db #0x72	; 114	'r'
      000496 4C                    1215 	.db #0x4c	; 76	'L'
      000497 30                    1216 	.db #0x30	; 48	'0'
      000498 4A                    1217 	.db #0x4a	; 74	'J'
      000499 4D                    1218 	.db #0x4d	; 77	'M'
      00049A 4D                    1219 	.db #0x4d	; 77	'M'
      00049B 30                    1220 	.db #0x30	; 48	'0'
      00049C 30                    1221 	.db #0x30	; 48	'0'
      00049D 48                    1222 	.db #0x48	; 72	'H'
      00049E 78                    1223 	.db #0x78	; 120	'x'
      00049F 48                    1224 	.db #0x48	; 72	'H'
      0004A0 30                    1225 	.db #0x30	; 48	'0'
      0004A1 BC                    1226 	.db #0xbc	; 188
      0004A2 62                    1227 	.db #0x62	; 98	'b'
      0004A3 5A                    1228 	.db #0x5a	; 90	'Z'
      0004A4 46                    1229 	.db #0x46	; 70	'F'
      0004A5 3D                    1230 	.db #0x3d	; 61
      0004A6 3E                    1231 	.db #0x3e	; 62
      0004A7 49                    1232 	.db #0x49	; 73	'I'
      0004A8 49                    1233 	.db #0x49	; 73	'I'
      0004A9 49                    1234 	.db #0x49	; 73	'I'
      0004AA 00                    1235 	.db #0x00	; 0
      0004AB 7E                    1236 	.db #0x7e	; 126
      0004AC 01                    1237 	.db #0x01	; 1
      0004AD 01                    1238 	.db #0x01	; 1
      0004AE 01                    1239 	.db #0x01	; 1
      0004AF 7E                    1240 	.db #0x7e	; 126
      0004B0 2A                    1241 	.db #0x2a	; 42
      0004B1 2A                    1242 	.db #0x2a	; 42
      0004B2 2A                    1243 	.db #0x2a	; 42
      0004B3 2A                    1244 	.db #0x2a	; 42
      0004B4 2A                    1245 	.db #0x2a	; 42
      0004B5 44                    1246 	.db #0x44	; 68	'D'
      0004B6 44                    1247 	.db #0x44	; 68	'D'
      0004B7 5F                    1248 	.db #0x5f	; 95
      0004B8 44                    1249 	.db #0x44	; 68	'D'
      0004B9 44                    1250 	.db #0x44	; 68	'D'
      0004BA 40                    1251 	.db #0x40	; 64
      0004BB 51                    1252 	.db #0x51	; 81	'Q'
      0004BC 4A                    1253 	.db #0x4a	; 74	'J'
      0004BD 44                    1254 	.db #0x44	; 68	'D'
      0004BE 40                    1255 	.db #0x40	; 64
      0004BF 40                    1256 	.db #0x40	; 64
      0004C0 44                    1257 	.db #0x44	; 68	'D'
      0004C1 4A                    1258 	.db #0x4a	; 74	'J'
      0004C2 51                    1259 	.db #0x51	; 81	'Q'
      0004C3 40                    1260 	.db #0x40	; 64
      0004C4 00                    1261 	.db #0x00	; 0
      0004C5 00                    1262 	.db #0x00	; 0
      0004C6 FF                    1263 	.db #0xff	; 255
      0004C7 01                    1264 	.db #0x01	; 1
      0004C8 03                    1265 	.db #0x03	; 3
      0004C9 E0                    1266 	.db #0xe0	; 224
      0004CA 80                    1267 	.db #0x80	; 128
      0004CB FF                    1268 	.db #0xff	; 255
      0004CC 00                    1269 	.db #0x00	; 0
      0004CD 00                    1270 	.db #0x00	; 0
      0004CE 08                    1271 	.db #0x08	; 8
      0004CF 08                    1272 	.db #0x08	; 8
      0004D0 6B                    1273 	.db #0x6b	; 107	'k'
      0004D1 6B                    1274 	.db #0x6b	; 107	'k'
      0004D2 08                    1275 	.db #0x08	; 8
      0004D3 36                    1276 	.db #0x36	; 54	'6'
      0004D4 12                    1277 	.db #0x12	; 18
      0004D5 36                    1278 	.db #0x36	; 54	'6'
      0004D6 24                    1279 	.db #0x24	; 36
      0004D7 36                    1280 	.db #0x36	; 54	'6'
      0004D8 06                    1281 	.db #0x06	; 6
      0004D9 0F                    1282 	.db #0x0f	; 15
      0004DA 09                    1283 	.db #0x09	; 9
      0004DB 0F                    1284 	.db #0x0f	; 15
      0004DC 06                    1285 	.db #0x06	; 6
      0004DD 00                    1286 	.db #0x00	; 0
      0004DE 00                    1287 	.db #0x00	; 0
      0004DF 18                    1288 	.db #0x18	; 24
      0004E0 18                    1289 	.db #0x18	; 24
      0004E1 00                    1290 	.db #0x00	; 0
      0004E2 00                    1291 	.db #0x00	; 0
      0004E3 00                    1292 	.db #0x00	; 0
      0004E4 10                    1293 	.db #0x10	; 16
      0004E5 10                    1294 	.db #0x10	; 16
      0004E6 00                    1295 	.db #0x00	; 0
      0004E7 30                    1296 	.db #0x30	; 48	'0'
      0004E8 40                    1297 	.db #0x40	; 64
      0004E9 FF                    1298 	.db #0xff	; 255
      0004EA 01                    1299 	.db #0x01	; 1
      0004EB 01                    1300 	.db #0x01	; 1
      0004EC 00                    1301 	.db #0x00	; 0
      0004ED 1F                    1302 	.db #0x1f	; 31
      0004EE 01                    1303 	.db #0x01	; 1
      0004EF 01                    1304 	.db #0x01	; 1
      0004F0 1E                    1305 	.db #0x1e	; 30
      0004F1 00                    1306 	.db #0x00	; 0
      0004F2 19                    1307 	.db #0x19	; 25
      0004F3 1D                    1308 	.db #0x1d	; 29
      0004F4 17                    1309 	.db #0x17	; 23
      0004F5 12                    1310 	.db #0x12	; 18
      0004F6 00                    1311 	.db #0x00	; 0
      0004F7 3C                    1312 	.db #0x3c	; 60
      0004F8 3C                    1313 	.db #0x3c	; 60
      0004F9 3C                    1314 	.db #0x3c	; 60
      0004FA 3C                    1315 	.db #0x3c	; 60
      0004FB 00                    1316 	.db #0x00	; 0
      0004FC 00                    1317 	.db #0x00	; 0
      0004FD 00                    1318 	.db #0x00	; 0
      0004FE 00                    1319 	.db #0x00	; 0
      0004FF 00                    1320 	.db #0x00	; 0
                                   1321 	.area INITIALIZER
                                   1322 	.area CABS (ABS)
